<?xml version="1.0" encoding="UTF-8"?>
<!-- Generated by org.testng.reporters.JUnitReportReporter -->
<testsuite hostname="LAPTOP-IFFP6P5H" failures="0" tests="1" name="Report.LondonWeatherReport" time="23.558" errors="0" timestamp="2023-08-01T17:17:43 IST" skipped="0">
  <testcase classname="Report.LondonWeatherReport" name="getLondonWheatherInformation" time="23.558"/>
  <system-out/>
</testsuite> <!-- Report.LondonWeatherReport -->
